------------------------------------------------------------------------------------------------------------------------

[2022-02-24 09:07:43 #1 store] 
Database 'C:\Users\chipi\Documents\Repositorios\Acceso_a_datos\Resultado6\ProyectoR6\db\resultado6db.odb' is opened by 9472@DESKTOP-OHBIHU5

[2022-02-24 09:07:43 #2 store] 
Configuration path: ?

[2022-02-24 09:07:43 #3 type] 
Type mis_beans.Agricultor is not enhanced.

[2022-02-24 09:07:43 #4 type] 
Type mis_beans.Trabajo is not enhanced.

[2022-02-24 09:07:43 #5 type] 
Type mis_beans.Maquina is not enhanced.

------------------------------------------------------------------------------------------------------------------------

[2022-02-24 09:08:00 #1 store] 
Database 'C:\Users\chipi\Documents\Repositorios\Acceso_a_datos\Resultado6\ProyectoR6\db\resultado6db.odb' has been recovered (tr. 614-633)

[2022-02-24 09:08:00 #2 store] 
Database 'C:\Users\chipi\Documents\Repositorios\Acceso_a_datos\Resultado6\ProyectoR6\db\resultado6db.odb' is opened by 13092@DESKTOP-OHBIHU5

[2022-02-24 09:08:00 #3 store] 
Configuration path: ?

[2022-02-24 09:08:00 #4 type] 
Type mis_beans.Agricultor is not enhanced.

[2022-02-24 09:08:00 #5 type] 
Type mis_beans.Trabajo is not enhanced.

[2022-02-24 09:08:00 #6 type] 
Type mis_beans.Maquina is not enhanced.

------------------------------------------------------------------------------------------------------------------------

[2022-02-24 09:08:11 #1 store] 
Database 'C:\Users\chipi\Documents\Repositorios\Acceso_a_datos\Resultado6\ProyectoR6\db\resultado6db.odb' has been recovered (tr. 637-655)

[2022-02-24 09:08:11 #2 store] 
Database 'C:\Users\chipi\Documents\Repositorios\Acceso_a_datos\Resultado6\ProyectoR6\db\resultado6db.odb' is opened by 13768@DESKTOP-OHBIHU5

[2022-02-24 09:08:11 #3 store] 
Configuration path: ?

[2022-02-24 09:08:11 #4 type] 
Type mis_beans.Agricultor is not enhanced.

[2022-02-24 09:08:12 #5 type] 
Type mis_beans.Trabajo is not enhanced.

[2022-02-24 09:08:12 #6 type] 
Type mis_beans.Maquina is not enhanced.

------------------------------------------------------------------------------------------------------------------------

[2022-02-24 09:24:24 #1 store] 
Database 'C:\Users\chipi\Documents\Repositorios\Acceso_a_datos\Resultado6\ProyectoR6\db\resultado6db.odb' has been recovered (tr. 659-677)

[2022-02-24 09:24:25 #2 store] 
Database 'C:\Users\chipi\Documents\Repositorios\Acceso_a_datos\Resultado6\ProyectoR6\db\resultado6db.odb' is opened by 23420@DESKTOP-OHBIHU5

[2022-02-24 09:24:25 #3 store] 
Configuration path: ?

[2022-02-24 09:24:25 #4 type] 
Type mis_beans.Agricultor is not enhanced.

[2022-02-24 09:24:25 #5 type] 
Type mis_beans.Trabajo is not enhanced.

[2022-02-24 09:24:25 #6 type] 
Type mis_beans.Maquina is not enhanced.

------------------------------------------------------------------------------------------------------------------------

[2022-02-24 09:25:14 #1 store] 
Database 'C:\Users\chipi\Documents\Repositorios\Acceso_a_datos\Resultado6\ProyectoR6\db\resultado6db.odb' is opened by 12692@DESKTOP-OHBIHU5

[2022-02-24 09:25:14 #2 store] 
Configuration path: ?

[2022-02-24 09:25:15 #3 type] 
Type mis_beans.Agricultor is not enhanced.

[2022-02-24 09:25:15 #4 type] 
Type mis_beans.Trabajo is not enhanced.

[2022-02-24 09:25:15 #5 type] 
Type mis_beans.Maquina is not enhanced.

------------------------------------------------------------------------------------------------------------------------

[2022-02-24 09:29:59 #1 store] 
Database 'C:\Users\chipi\Documents\Repositorios\Acceso_a_datos\Resultado6\ProyectoR6\db\resultado6db.odb' is opened by 15920@DESKTOP-OHBIHU5

[2022-02-24 09:29:59 #2 store] 
Configuration path: ?

[2022-02-24 09:29:59 #3 type] 
Type mis_beans.Agricultor is not enhanced.

[2022-02-24 09:29:59 #4 type] 
Type mis_beans.Trabajo is not enhanced.

[2022-02-24 09:29:59 #5 type] 
Type mis_beans.Maquina is not enhanced.

------------------------------------------------------------------------------------------------------------------------

[2022-02-24 09:31:20 #1 store] 
Database 'C:\Users\chipi\Documents\Repositorios\Acceso_a_datos\Resultado6\ProyectoR6\db\resultado6db.odb' is opened by 17512@DESKTOP-OHBIHU5

[2022-02-24 09:31:20 #2 store] 
Configuration path: ?

[2022-02-24 09:31:20 #3 type] 
Type mis_beans.Agricultor is not enhanced.

[2022-02-24 09:31:20 #4 type] 
Type mis_beans.Trabajo is not enhanced.

[2022-02-24 09:31:20 #5 type] 
Type mis_beans.Maquina is not enhanced.

------------------------------------------------------------------------------------------------------------------------

[2022-02-24 09:33:14 #1 store] 
Database 'C:\Users\chipi\Documents\Repositorios\Acceso_a_datos\Resultado6\ProyectoR6\db\resultado6db.odb' is opened by 11384@DESKTOP-OHBIHU5

[2022-02-24 09:33:14 #2 store] 
Configuration path: ?

[2022-02-24 09:33:14 #3 type] 
Type mis_beans.Agricultor is not enhanced.

[2022-02-24 09:33:15 #4 type] 
Type mis_beans.Trabajo is not enhanced.

[2022-02-24 09:33:15 #5 type] 
Type mis_beans.Maquina is not enhanced.

------------------------------------------------------------------------------------------------------------------------

[2022-02-24 09:33:21 #1 store] 
Database 'C:\Users\chipi\Documents\Repositorios\Acceso_a_datos\Resultado6\ProyectoR6\db\resultado6db.odb' has been recovered (tr. 772-791)

[2022-02-24 09:33:21 #2 store] 
Database 'C:\Users\chipi\Documents\Repositorios\Acceso_a_datos\Resultado6\ProyectoR6\db\resultado6db.odb' is opened by 22672@DESKTOP-OHBIHU5

[2022-02-24 09:33:21 #3 store] 
Configuration path: ?

[2022-02-24 09:33:22 #4 type] 
Type mis_beans.Agricultor is not enhanced.

[2022-02-24 09:33:22 #5 type] 
Type mis_beans.Trabajo is not enhanced.

[2022-02-24 09:33:22 #6 type] 
Type mis_beans.Maquina is not enhanced.

------------------------------------------------------------------------------------------------------------------------

[2022-02-24 09:43:41 #1 store] 
Database 'C:\Users\chipi\Documents\Repositorios\Acceso_a_datos\Resultado6\ProyectoR6\db\resultado6db.odb' has been recovered (tr. 795-814)

[2022-02-24 09:43:41 #2 store] 
Database 'C:\Users\chipi\Documents\Repositorios\Acceso_a_datos\Resultado6\ProyectoR6\db\resultado6db.odb' is opened by 22256@DESKTOP-OHBIHU5

[2022-02-24 09:43:41 #3 store] 
Configuration path: ?

[2022-02-24 09:43:41 #4 type] 
Type mis_beans.Agricultor is not enhanced.

[2022-02-24 09:43:41 #5 type] 
Type mis_beans.Trabajo is not enhanced.

[2022-02-24 09:43:41 #6 type] 
Type mis_beans.Maquina is not enhanced.

------------------------------------------------------------------------------------------------------------------------

[2022-02-24 09:48:00 #1 store] 
Database 'C:\Users\chipi\Documents\Repositorios\Acceso_a_datos\Resultado6\ProyectoR6\db\resultado6db.odb' is opened by 2920@DESKTOP-OHBIHU5

[2022-02-24 09:48:00 #2 store] 
Configuration path: ?

[2022-02-24 09:48:00 #3 type] 
Type mis_beans.Agricultor is not enhanced.

[2022-02-24 09:48:00 #4 type] 
Type mis_beans.Trabajo is not enhanced.

[2022-02-24 09:48:00 #5 type] 
Type mis_beans.Maquina is not enhanced.

------------------------------------------------------------------------------------------------------------------------

[2022-02-24 09:50:01 #1 store] 
Database 'C:\Users\chipi\Documents\Repositorios\Acceso_a_datos\Resultado6\ProyectoR6\db\resultado6db.odb' is opened by 15684@DESKTOP-OHBIHU5

[2022-02-24 09:50:01 #2 store] 
Configuration path: ?

[2022-02-24 09:50:01 #3 type] 
Type mis_beans.Agricultor is not enhanced.

[2022-02-24 09:50:01 #4 type] 
Type mis_beans.Trabajo is not enhanced.

[2022-02-24 09:50:01 #5 type] 
Type mis_beans.Maquina is not enhanced.

------------------------------------------------------------------------------------------------------------------------

[2022-02-24 09:50:09 #1 store] 
Database 'C:\Users\chipi\Documents\Repositorios\Acceso_a_datos\Resultado6\ProyectoR6\db\resultado6db.odb' has been recovered (tr. 866-885)

[2022-02-24 09:50:10 #2 store] 
Database 'C:\Users\chipi\Documents\Repositorios\Acceso_a_datos\Resultado6\ProyectoR6\db\resultado6db.odb' is opened by 12856@DESKTOP-OHBIHU5

[2022-02-24 09:50:10 #3 store] 
Configuration path: ?

[2022-02-24 09:50:10 #4 type] 
Type mis_beans.Agricultor is not enhanced.

[2022-02-24 09:50:10 #5 type] 
Type mis_beans.Trabajo is not enhanced.

[2022-02-24 09:50:10 #6 type] 
Type mis_beans.Maquina is not enhanced.

------------------------------------------------------------------------------------------------------------------------

[2022-02-24 09:50:19 #1 store] 
Database 'C:\Users\chipi\Documents\Repositorios\Acceso_a_datos\Resultado6\ProyectoR6\db\resultado6db.odb' has been recovered (tr. 889-909)

[2022-02-24 09:50:19 #2 store] 
Database 'C:\Users\chipi\Documents\Repositorios\Acceso_a_datos\Resultado6\ProyectoR6\db\resultado6db.odb' is opened by 12056@DESKTOP-OHBIHU5

[2022-02-24 09:50:19 #3 store] 
Configuration path: ?

[2022-02-24 09:50:19 #4 type] 
Type mis_beans.Agricultor is not enhanced.

[2022-02-24 09:50:19 #5 type] 
Type mis_beans.Trabajo is not enhanced.

[2022-02-24 09:50:19 #6 type] 
Type mis_beans.Maquina is not enhanced.

------------------------------------------------------------------------------------------------------------------------

[2022-02-24 09:51:33 #1 store] 
Database 'C:\Users\chipi\Documents\Repositorios\Acceso_a_datos\Resultado6\ProyectoR6\db\resultado6db.odb' has been recovered (tr. 913-931)

[2022-02-24 09:51:33 #2 store] 
Database 'C:\Users\chipi\Documents\Repositorios\Acceso_a_datos\Resultado6\ProyectoR6\db\resultado6db.odb' is opened by 9964@DESKTOP-OHBIHU5

[2022-02-24 09:51:33 #3 store] 
Configuration path: ?

[2022-02-24 09:51:33 #4 type] 
Type mis_beans.Agricultor is not enhanced.

[2022-02-24 09:51:33 #5 type] 
Type mis_beans.Trabajo is not enhanced.

[2022-02-24 09:51:33 #6 type] 
Type mis_beans.Maquina is not enhanced.

------------------------------------------------------------------------------------------------------------------------

[2022-02-24 09:52:16 #1 store] 
Database 'C:\Users\chipi\Documents\Repositorios\Acceso_a_datos\Resultado6\ProyectoR6\db\resultado6db.odb' is opened by 19628@DESKTOP-OHBIHU5

[2022-02-24 09:52:16 #2 store] 
Configuration path: ?

[2022-02-24 09:52:16 #3 type] 
Type mis_beans.Agricultor is not enhanced.

[2022-02-24 09:52:16 #4 type] 
Type mis_beans.Trabajo is not enhanced.

[2022-02-24 09:52:16 #5 type] 
Type mis_beans.Maquina is not enhanced.

------------------------------------------------------------------------------------------------------------------------

[2022-02-24 09:52:34 #1 store] 
Database 'C:\Users\chipi\Documents\Repositorios\Acceso_a_datos\Resultado6\ProyectoR6\db\resultado6db.odb' is opened by 15436@DESKTOP-OHBIHU5

[2022-02-24 09:52:34 #2 store] 
Configuration path: ?

[2022-02-24 09:52:34 #3 type] 
Type mis_beans.Agricultor is not enhanced.

[2022-02-24 09:52:34 #4 type] 
Type mis_beans.Trabajo is not enhanced.

[2022-02-24 09:52:34 #5 type] 
Type mis_beans.Maquina is not enhanced.

------------------------------------------------------------------------------------------------------------------------

[2022-02-24 09:54:38 #1 store] 
Database 'C:\Users\chipi\Documents\Repositorios\Acceso_a_datos\Resultado6\ProyectoR6\db\resultado6db.odb' is opened by 17620@DESKTOP-OHBIHU5

[2022-02-24 09:54:38 #2 store] 
Configuration path: ?

[2022-02-24 09:54:38 #3 type] 
Type mis_beans.Agricultor is not enhanced.

[2022-02-24 09:54:38 #4 type] 
Type mis_beans.Trabajo is not enhanced.

[2022-02-24 09:54:38 #5 type] 
Type mis_beans.Maquina is not enhanced.

------------------------------------------------------------------------------------------------------------------------

[2022-02-24 09:55:26 #1 store] 
Database 'C:\Users\chipi\Documents\Repositorios\Acceso_a_datos\Resultado6\ProyectoR6\db\resultado6db.odb' is opened by 21228@DESKTOP-OHBIHU5

[2022-02-24 09:55:26 #2 store] 
Configuration path: ?

[2022-02-24 09:55:27 #3 type] 
Type mis_beans.Agricultor is not enhanced.

[2022-02-24 09:55:27 #4 type] 
Type mis_beans.Trabajo is not enhanced.

[2022-02-24 09:55:27 #5 type] 
Type mis_beans.Maquina is not enhanced.

------------------------------------------------------------------------------------------------------------------------

[2022-02-24 09:56:02 #1 store] 
Database 'C:\Users\chipi\Documents\Repositorios\Acceso_a_datos\Resultado6\ProyectoR6\db\resultado6db.odb' is opened by 16616@DESKTOP-OHBIHU5

[2022-02-24 09:56:02 #2 store] 
Configuration path: ?

[2022-02-24 09:56:03 #3 type] 
Type mis_beans.Agricultor is not enhanced.

[2022-02-24 09:56:03 #4 type] 
Type mis_beans.Trabajo is not enhanced.

[2022-02-24 09:56:03 #5 type] 
Type mis_beans.Maquina is not enhanced.

