------------------------------------------------------------------------------------------------------------------------

[2022-02-16 11:21:15 #1 store] 
Database 'C:\Users\chipi\Documents\Repositorios\Acceso_a_datos\Resultado6\ProyectoR6\db\resultado6db.odb' is opened by 16644@DESKTOP-OHBIHU5

[2022-02-16 11:21:16 #2 store] 
Configuration path: ?

------------------------------------------------------------------------------------------------------------------------

[2022-02-16 11:24:25 #1 store] 
Database 'C:\Users\chipi\Documents\Repositorios\Acceso_a_datos\Resultado6\ProyectoR6\db\resultado6db.odb' is opened by 6252@DESKTOP-OHBIHU5

[2022-02-16 11:24:25 #2 store] 
Configuration path: ?

------------------------------------------------------------------------------------------------------------------------

[2022-02-16 11:24:55 #1 store] 
Database 'C:\Users\chipi\Documents\Repositorios\Acceso_a_datos\Resultado6\ProyectoR6\db\resultado6db.odb' is opened by 8100@DESKTOP-OHBIHU5

[2022-02-16 11:24:55 #2 store] 
Configuration path: ?

------------------------------------------------------------------------------------------------------------------------

[2022-02-16 11:25:30 #1 store] 
Database 'C:\Users\chipi\Documents\Repositorios\Acceso_a_datos\Resultado6\ProyectoR6\db\resultado6db.odb' is opened by 18324@DESKTOP-OHBIHU5

[2022-02-16 11:25:30 #2 store] 
Configuration path: ?

[2022-02-16 11:25:30 #3 type] 
Type mis_beans.Maquina is not enhanced.

[2022-02-16 11:25:30 #4 type] 
Type mis_beans.Trabajo is not enhanced.

------------------------------------------------------------------------------------------------------------------------

[2022-02-16 11:27:30 #1 store] 
Database 'C:\Users\chipi\Documents\Repositorios\Acceso_a_datos\Resultado6\ProyectoR6\db\resultado6db.odb' has been recovered (tr. 3-16)

[2022-02-16 11:27:30 #2 store] 
Database 'C:\Users\chipi\Documents\Repositorios\Acceso_a_datos\Resultado6\ProyectoR6\db\resultado6db.odb' is opened by 18712@DESKTOP-OHBIHU5

[2022-02-16 11:27:30 #3 store] 
Configuration path: ?

[2022-02-16 11:27:30 #4 type] 
Type mis_beans.Maquina is not enhanced.

[2022-02-16 11:27:30 #5 type] 
Type mis_beans.Trabajo is not enhanced.

------------------------------------------------------------------------------------------------------------------------

[2022-02-16 11:28:04 #1 store] 
Database 'C:\Users\chipi\Documents\Repositorios\Acceso_a_datos\Resultado6\ProyectoR6\db\resultado6db.odb' is opened by 18700@DESKTOP-OHBIHU5

[2022-02-16 11:28:04 #2 store] 
Configuration path: ?

[2022-02-16 11:28:05 #3 type] 
Type mis_beans.Maquina is not enhanced.

[2022-02-16 11:28:05 #4 type] 
Type mis_beans.Trabajo is not enhanced.

------------------------------------------------------------------------------------------------------------------------

[2022-02-16 11:28:47 #1 store] 
Database 'C:\Users\chipi\Documents\Repositorios\Acceso_a_datos\Resultado6\ProyectoR6\db\resultado6db.odb' is opened by 10568@DESKTOP-OHBIHU5

[2022-02-16 11:28:47 #2 store] 
Configuration path: ?

------------------------------------------------------------------------------------------------------------------------

[2022-02-16 11:29:21 #1 store] 
Database 'C:\Users\chipi\Documents\Repositorios\Acceso_a_datos\Resultado6\ProyectoR6\db\resultado6db.odb' is opened by 22044@DESKTOP-OHBIHU5

[2022-02-16 11:29:21 #2 store] 
Configuration path: ?

[2022-02-16 11:29:21 #3 type] 
Type mis_beans.Maquina is not enhanced.

[2022-02-16 11:29:21 #4 type] 
Type mis_beans.Trabajo is not enhanced.

[2022-02-16 11:29:21 #5 type] 
Type mis_beans.Agricultor is not enhanced.

------------------------------------------------------------------------------------------------------------------------

[2022-02-16 17:39:20 #1 store] 
Database 'C:\Users\chipi\Documents\Repositorios\Acceso_a_datos\Resultado6\ProyectoR6\db\resultado6db.odb' is opened by 21152@DESKTOP-OHBIHU5

[2022-02-16 17:39:20 #2 store] 
Configuration path: ?

[2022-02-16 17:39:20 #3 type] 
Type mis_beans.Maquina is not enhanced.

[2022-02-16 17:39:20 #4 type] 
Type mis_beans.Trabajo is not enhanced.

[2022-02-16 17:39:20 #5 type] 
Type mis_beans.Agricultor is not enhanced.

------------------------------------------------------------------------------------------------------------------------

[2022-02-16 17:40:25 #1 store] 
Database 'C:\Users\chipi\Documents\Repositorios\Acceso_a_datos\Resultado6\ProyectoR6\db\resultado6db.odb' has been recovered (tr. 26-26)

[2022-02-16 17:40:26 #2 store] 
Database 'C:\Users\chipi\Documents\Repositorios\Acceso_a_datos\Resultado6\ProyectoR6\db\resultado6db.odb' is opened by 14784@DESKTOP-OHBIHU5

[2022-02-16 17:40:26 #3 store] 
Configuration path: ?

[2022-02-16 17:40:26 #4 type] 
Type mis_beans.Maquina is not enhanced.

[2022-02-16 17:40:26 #5 type] 
Type mis_beans.Trabajo is not enhanced.

[2022-02-16 17:40:26 #6 type] 
Type mis_beans.Agricultor is not enhanced.

------------------------------------------------------------------------------------------------------------------------

[2022-02-16 17:42:46 #1 store] 
Database 'C:\Users\chipi\Documents\Repositorios\Acceso_a_datos\Resultado6\ProyectoR6\db\resultado6db.odb' is opened by 19964@DESKTOP-OHBIHU5

[2022-02-16 17:42:46 #2 store] 
Configuration path: ?

[2022-02-16 17:42:46 #3 type] 
Type mis_beans.Maquina is not enhanced.

[2022-02-16 17:42:46 #4 type] 
Type mis_beans.Trabajo is not enhanced.

[2022-02-16 17:42:46 #5 type] 
Type mis_beans.Agricultor is not enhanced.

------------------------------------------------------------------------------------------------------------------------

[2022-02-16 17:45:03 #1 store] 
Database 'C:\Users\chipi\Documents\Repositorios\Acceso_a_datos\Resultado6\ProyectoR6\db\resultado6db.odb' is opened by 4808@DESKTOP-OHBIHU5

[2022-02-16 17:45:03 #2 store] 
Configuration path: ?

[2022-02-16 17:45:03 #3 type] 
Type mis_beans.Maquina is not enhanced.

[2022-02-16 17:45:03 #4 type] 
Type mis_beans.Trabajo is not enhanced.

[2022-02-16 17:45:03 #5 type] 
Type mis_beans.Agricultor is not enhanced.

------------------------------------------------------------------------------------------------------------------------

[2022-02-16 17:53:38 #1 store] 
Database 'C:\Users\chipi\Documents\Repositorios\Acceso_a_datos\Resultado6\ProyectoR6\db\resultado6db.odb' is opened by 21400@DESKTOP-OHBIHU5

[2022-02-16 17:53:38 #2 store] 
Configuration path: ?

[2022-02-16 17:53:39 #3 type] 
Type mis_beans.Maquina is not enhanced.

[2022-02-16 17:53:39 #4 type] 
Type mis_beans.Trabajo is not enhanced.

[2022-02-16 17:53:39 #5 type] 
Type mis_beans.Agricultor is not enhanced.

------------------------------------------------------------------------------------------------------------------------

[2022-02-16 17:55:27 #1 store] 
Database 'C:\Users\chipi\Documents\Repositorios\Acceso_a_datos\Resultado6\ProyectoR6\db\resultado6db.odb' is opened by 20868@DESKTOP-OHBIHU5

[2022-02-16 17:55:27 #2 store] 
Configuration path: ?

[2022-02-16 17:55:27 #3 type] 
Type mis_beans.Maquina is not enhanced.

[2022-02-16 17:55:27 #4 type] 
Type mis_beans.Trabajo is not enhanced.

[2022-02-16 17:55:27 #5 type] 
Type mis_beans.Agricultor is not enhanced.

------------------------------------------------------------------------------------------------------------------------

[2022-02-16 17:56:05 #1 store] 
Database 'C:\Users\chipi\Documents\Repositorios\Acceso_a_datos\Resultado6\ProyectoR6\db\resultado6db.odb' is opened by 12796@DESKTOP-OHBIHU5

[2022-02-16 17:56:05 #2 store] 
Configuration path: ?

[2022-02-16 17:56:05 #3 type] 
Type mis_beans.Maquina is not enhanced.

[2022-02-16 17:56:05 #4 type] 
Type mis_beans.Trabajo is not enhanced.

[2022-02-16 17:56:05 #5 type] 
Type mis_beans.Agricultor is not enhanced.

------------------------------------------------------------------------------------------------------------------------

[2022-02-16 17:59:14 #1 store] 
Database 'C:\Users\chipi\Documents\Repositorios\Acceso_a_datos\Resultado6\ProyectoR6\db\resultado6db.odb' is opened by 10668@DESKTOP-OHBIHU5

[2022-02-16 17:59:14 #2 store] 
Configuration path: ?

[2022-02-16 17:59:15 #3 type] 
Type mis_beans.Maquina is not enhanced.

[2022-02-16 17:59:15 #4 type] 
Type mis_beans.Trabajo is not enhanced.

[2022-02-16 17:59:15 #5 type] 
Type mis_beans.Agricultor is not enhanced.

------------------------------------------------------------------------------------------------------------------------

[2022-02-16 18:00:33 #1 store] 
Database 'C:\Users\chipi\Documents\Repositorios\Acceso_a_datos\Resultado6\ProyectoR6\db\resultado6db.odb' is opened by 13724@DESKTOP-OHBIHU5

[2022-02-16 18:00:33 #2 store] 
Configuration path: ?

[2022-02-16 18:00:33 #3 type] 
Type mis_beans.Maquina is not enhanced.

[2022-02-16 18:00:33 #4 type] 
Type mis_beans.Trabajo is not enhanced.

[2022-02-16 18:00:33 #5 type] 
Type mis_beans.Agricultor is not enhanced.

------------------------------------------------------------------------------------------------------------------------

[2022-02-16 18:01:29 #1 store] 
Database 'C:\Users\chipi\Documents\Repositorios\Acceso_a_datos\Resultado6\ProyectoR6\db\resultado6db.odb' is opened by 4460@DESKTOP-OHBIHU5

[2022-02-16 18:01:29 #2 store] 
Configuration path: ?

[2022-02-16 18:01:29 #3 type] 
Type mis_beans.Maquina is not enhanced.

[2022-02-16 18:01:29 #4 type] 
Type mis_beans.Trabajo is not enhanced.

[2022-02-16 18:01:29 #5 type] 
Type mis_beans.Agricultor is not enhanced.

------------------------------------------------------------------------------------------------------------------------

[2022-02-16 18:28:38 #1 store] 
Database 'C:\Users\chipi\Documents\Repositorios\Acceso_a_datos\Resultado6\ProyectoR6\db\resultado6db.odb' is opened by 7508@DESKTOP-OHBIHU5

[2022-02-16 18:28:38 #2 store] 
Configuration path: ?

[2022-02-16 18:28:38 #3 type] 
Type mis_beans.Maquina is not enhanced.

[2022-02-16 18:28:38 #4 type] 
Type mis_beans.Trabajo is not enhanced.

[2022-02-16 18:28:38 #5 type] 
Type mis_beans.Agricultor is not enhanced.

------------------------------------------------------------------------------------------------------------------------

[2022-02-16 18:29:03 #1 store] 
Database 'C:\Users\chipi\Documents\Repositorios\Acceso_a_datos\Resultado6\ProyectoR6\db\resultado6db.odb' is opened by 16464@DESKTOP-OHBIHU5

[2022-02-16 18:29:03 #2 store] 
Configuration path: ?

[2022-02-16 18:29:03 #3 type] 
Type mis_beans.Maquina is not enhanced.

[2022-02-16 18:29:03 #4 type] 
Type mis_beans.Trabajo is not enhanced.

[2022-02-16 18:29:03 #5 type] 
Type mis_beans.Agricultor is not enhanced.

------------------------------------------------------------------------------------------------------------------------

[2022-02-16 18:29:08 #1 store] 
Database 'C:\Users\chipi\Documents\Repositorios\Acceso_a_datos\Resultado6\ProyectoR6\db\resultado6db.odb' is opened by 17268@DESKTOP-OHBIHU5

[2022-02-16 18:29:08 #2 store] 
Configuration path: ?

[2022-02-16 18:29:09 #3 type] 
Type mis_beans.Maquina is not enhanced.

[2022-02-16 18:29:09 #4 type] 
Type mis_beans.Trabajo is not enhanced.

[2022-02-16 18:29:09 #5 type] 
Type mis_beans.Agricultor is not enhanced.

------------------------------------------------------------------------------------------------------------------------

[2022-02-16 18:30:29 #1 store] 
Database 'C:\Users\chipi\Documents\Repositorios\Acceso_a_datos\Resultado6\ProyectoR6\db\resultado6db.odb' is opened by 21496@DESKTOP-OHBIHU5

[2022-02-16 18:30:29 #2 store] 
Configuration path: ?

[2022-02-16 18:30:30 #3 type] 
Type mis_beans.Maquina is not enhanced.

[2022-02-16 18:30:30 #4 type] 
Type mis_beans.Trabajo is not enhanced.

[2022-02-16 18:30:30 #5 type] 
Type mis_beans.Agricultor is not enhanced.

------------------------------------------------------------------------------------------------------------------------

[2022-02-16 18:33:06 #1 store] 
Database 'C:\Users\chipi\Documents\Repositorios\Acceso_a_datos\Resultado6\ProyectoR6\db\resultado6db.odb' is opened by 19812@DESKTOP-OHBIHU5

[2022-02-16 18:33:06 #2 store] 
Configuration path: ?

[2022-02-16 18:33:07 #3 type] 
Type mis_beans.Maquina is not enhanced.

[2022-02-16 18:33:07 #4 type] 
Type mis_beans.Trabajo is not enhanced.

[2022-02-16 18:33:07 #5 type] 
Type mis_beans.Agricultor is not enhanced.

------------------------------------------------------------------------------------------------------------------------

[2022-02-16 18:34:20 #1 store] 
Database 'C:\Users\chipi\Documents\Repositorios\Acceso_a_datos\Resultado6\ProyectoR6\db\resultado6db.odb' is opened by 20716@DESKTOP-OHBIHU5

[2022-02-16 18:34:20 #2 store] 
Configuration path: ?

[2022-02-16 18:34:20 #3 type] 
Type mis_beans.Maquina is not enhanced.

[2022-02-16 18:34:20 #4 type] 
Type mis_beans.Trabajo is not enhanced.

[2022-02-16 18:34:21 #5 type] 
Type mis_beans.Agricultor is not enhanced.

------------------------------------------------------------------------------------------------------------------------

[2022-02-16 18:35:46 #1 store] 
Database 'C:\Users\chipi\Documents\Repositorios\Acceso_a_datos\Resultado6\ProyectoR6\db\resultado6db.odb' is opened by 17180@DESKTOP-OHBIHU5

[2022-02-16 18:35:46 #2 store] 
Configuration path: ?

[2022-02-16 18:35:47 #3 type] 
Type mis_beans.Maquina is not enhanced.

[2022-02-16 18:35:47 #4 type] 
Type mis_beans.Trabajo is not enhanced.

[2022-02-16 18:35:47 #5 type] 
Type mis_beans.Agricultor is not enhanced.

------------------------------------------------------------------------------------------------------------------------

[2022-02-16 18:39:41 #1 store] 
Database 'C:\Users\chipi\Documents\Repositorios\Acceso_a_datos\Resultado6\ProyectoR6\db\resultado6db.odb' is opened by 18504@DESKTOP-OHBIHU5

[2022-02-16 18:39:41 #2 store] 
Configuration path: ?

[2022-02-16 18:39:41 #3 type] 
Type mis_beans.Maquina is not enhanced.

[2022-02-16 18:39:41 #4 type] 
Type mis_beans.Trabajo is not enhanced.

[2022-02-16 18:39:41 #5 type] 
Type mis_beans.Agricultor is not enhanced.

------------------------------------------------------------------------------------------------------------------------

[2022-02-16 18:39:58 #1 store] 
Database 'C:\Users\chipi\Documents\Repositorios\Acceso_a_datos\Resultado6\ProyectoR6\db\resultado6db.odb' is opened by 392@DESKTOP-OHBIHU5

[2022-02-16 18:39:58 #2 store] 
Configuration path: ?

[2022-02-16 18:39:58 #3 type] 
Type mis_beans.Maquina is not enhanced.

[2022-02-16 18:39:58 #4 type] 
Type mis_beans.Trabajo is not enhanced.

[2022-02-16 18:39:58 #5 type] 
Type mis_beans.Agricultor is not enhanced.

------------------------------------------------------------------------------------------------------------------------

[2022-02-16 18:40:24 #1 store] 
Database 'C:\Users\chipi\Documents\Repositorios\Acceso_a_datos\Resultado6\ProyectoR6\db\resultado6db.odb' is opened by 4544@DESKTOP-OHBIHU5

[2022-02-16 18:40:24 #2 store] 
Configuration path: ?

[2022-02-16 18:40:25 #3 type] 
Type mis_beans.Maquina is not enhanced.

[2022-02-16 18:40:25 #4 type] 
Type mis_beans.Trabajo is not enhanced.

[2022-02-16 18:40:25 #5 type] 
Type mis_beans.Agricultor is not enhanced.

------------------------------------------------------------------------------------------------------------------------

[2022-02-16 19:12:11 #1 store] 
Database 'C:\Users\chipi\Documents\Repositorios\Acceso_a_datos\Resultado6\ProyectoR6\db\resultado6db.odb' is opened by 19256@DESKTOP-OHBIHU5

[2022-02-16 19:12:11 #2 store] 
Configuration path: ?

[2022-02-16 19:12:11 #3 type] 
Type mis_beans.Maquina is not enhanced.

[2022-02-16 19:12:11 #4 type] 
Type mis_beans.Trabajo is not enhanced.

[2022-02-16 19:12:12 #5 type] 
Type mis_beans.Agricultor is not enhanced.

------------------------------------------------------------------------------------------------------------------------

[2022-02-16 19:16:28 #1 store] 
Database 'C:\Users\chipi\Documents\Repositorios\Acceso_a_datos\Resultado6\ProyectoR6\db\resultado6db.odb' is opened by 18428@DESKTOP-OHBIHU5

[2022-02-16 19:16:28 #2 store] 
Configuration path: ?

[2022-02-16 19:16:28 #3 type] 
Type mis_beans.Maquina is not enhanced.

[2022-02-16 19:16:28 #4 type] 
Type mis_beans.Trabajo is not enhanced.

[2022-02-16 19:16:28 #5 type] 
Type mis_beans.Agricultor is not enhanced.

------------------------------------------------------------------------------------------------------------------------

[2022-02-16 19:20:22 #1 store] 
Database 'C:\Users\chipi\Documents\Repositorios\Acceso_a_datos\Resultado6\ProyectoR6\db\resultado6db.odb' is opened by 16884@DESKTOP-OHBIHU5

[2022-02-16 19:20:22 #2 store] 
Configuration path: ?

[2022-02-16 19:20:22 #3 type] 
Type mis_beans.Maquina is not enhanced.

[2022-02-16 19:20:22 #4 type] 
Type mis_beans.Trabajo is not enhanced.

[2022-02-16 19:20:22 #5 type] 
Type mis_beans.Agricultor is not enhanced.

------------------------------------------------------------------------------------------------------------------------

[2022-02-16 19:21:14 #1 store] 
Database 'C:\Users\chipi\Documents\Repositorios\Acceso_a_datos\Resultado6\ProyectoR6\db\resultado6db.odb' is opened by 16228@DESKTOP-OHBIHU5

[2022-02-16 19:21:14 #2 store] 
Configuration path: ?

[2022-02-16 19:21:14 #3 type] 
Type mis_beans.Maquina is not enhanced.

[2022-02-16 19:21:14 #4 type] 
Type mis_beans.Trabajo is not enhanced.

[2022-02-16 19:21:14 #5 type] 
Type mis_beans.Agricultor is not enhanced.

------------------------------------------------------------------------------------------------------------------------

[2022-02-16 19:22:57 #1 store] 
Database 'C:\Users\chipi\Documents\Repositorios\Acceso_a_datos\Resultado6\ProyectoR6\db\resultado6db.odb' is opened by 15948@DESKTOP-OHBIHU5

[2022-02-16 19:22:57 #2 store] 
Configuration path: ?

[2022-02-16 19:22:57 #3 type] 
Type mis_beans.Maquina is not enhanced.

[2022-02-16 19:22:57 #4 type] 
Type mis_beans.Trabajo is not enhanced.

[2022-02-16 19:22:57 #5 type] 
Type mis_beans.Agricultor is not enhanced.

------------------------------------------------------------------------------------------------------------------------

[2022-02-16 19:23:59 #1 store] 
Database 'C:\Users\chipi\Documents\Repositorios\Acceso_a_datos\Resultado6\ProyectoR6\db\resultado6db.odb' is opened by 1584@DESKTOP-OHBIHU5

[2022-02-16 19:23:59 #2 store] 
Configuration path: ?

[2022-02-16 19:24:00 #3 type] 
Type mis_beans.Maquina is not enhanced.

[2022-02-16 19:24:00 #4 type] 
Type mis_beans.Trabajo is not enhanced.

[2022-02-16 19:24:00 #5 type] 
Type mis_beans.Agricultor is not enhanced.

------------------------------------------------------------------------------------------------------------------------

[2022-02-16 19:34:13 #1 store] 
Database 'C:\Users\chipi\Documents\Repositorios\Acceso_a_datos\Resultado6\ProyectoR6\db\resultado6db.odb' is opened by 5088@DESKTOP-OHBIHU5

[2022-02-16 19:34:13 #2 store] 
Configuration path: ?

------------------------------------------------------------------------------------------------------------------------

[2022-02-16 19:35:44 #1 store] 
Database 'C:\Users\chipi\Documents\Repositorios\Acceso_a_datos\Resultado6\ProyectoR6\db\resultado6db.odb' is opened by 7852@DESKTOP-OHBIHU5

[2022-02-16 19:35:44 #2 store] 
Configuration path: ?

[2022-02-16 19:35:45 #3 type] 
Type mis_beans.Agricultor is not enhanced.

[2022-02-16 19:35:45 #4 type] 
Type mis_beans.Trabajo is not enhanced.

[2022-02-16 19:35:45 #5 type] 
Type mis_beans.Maquina is not enhanced.

------------------------------------------------------------------------------------------------------------------------

[2022-02-16 19:37:08 #1 store] 
Database 'C:\Users\chipi\Documents\Repositorios\Acceso_a_datos\Resultado6\ProyectoR6\db\resultado6db.odb' has been recovered (tr. 3-21)

[2022-02-16 19:37:08 #2 store] 
Database 'C:\Users\chipi\Documents\Repositorios\Acceso_a_datos\Resultado6\ProyectoR6\db\resultado6db.odb' is opened by 3816@DESKTOP-OHBIHU5

[2022-02-16 19:37:08 #3 store] 
Configuration path: ?

[2022-02-16 19:37:08 #4 type] 
Type mis_beans.Agricultor is not enhanced.

[2022-02-16 19:37:08 #5 type] 
Type mis_beans.Trabajo is not enhanced.

[2022-02-16 19:37:08 #6 type] 
Type mis_beans.Maquina is not enhanced.

------------------------------------------------------------------------------------------------------------------------

[2022-02-16 19:37:40 #1 store] 
Database 'C:\Users\chipi\Documents\Repositorios\Acceso_a_datos\Resultado6\ProyectoR6\db\resultado6db.odb' is opened by 16136@DESKTOP-OHBIHU5

[2022-02-16 19:37:40 #2 store] 
Configuration path: ?

[2022-02-16 19:37:40 #3 type] 
Type mis_beans.Agricultor is not enhanced.

[2022-02-16 19:37:40 #4 type] 
Type mis_beans.Trabajo is not enhanced.

[2022-02-16 19:37:40 #5 type] 
Type mis_beans.Maquina is not enhanced.

------------------------------------------------------------------------------------------------------------------------

[2022-02-16 19:39:43 #1 store] 
Database 'C:\Users\chipi\Documents\Repositorios\Acceso_a_datos\Resultado6\ProyectoR6\db\resultado6db.odb' has been recovered (tr. 25-43)

[2022-02-16 19:39:43 #2 store] 
Database 'C:\Users\chipi\Documents\Repositorios\Acceso_a_datos\Resultado6\ProyectoR6\db\resultado6db.odb' is opened by 16864@DESKTOP-OHBIHU5

[2022-02-16 19:39:43 #3 store] 
Configuration path: ?

[2022-02-16 19:39:44 #4 type] 
Type mis_beans.Agricultor is not enhanced.

[2022-02-16 19:39:44 #5 type] 
Type mis_beans.Trabajo is not enhanced.

[2022-02-16 19:39:44 #6 type] 
Type mis_beans.Maquina is not enhanced.

------------------------------------------------------------------------------------------------------------------------

[2022-02-16 19:46:18 #1 store] 
Database 'C:\Users\chipi\Documents\Repositorios\Acceso_a_datos\Resultado6\ProyectoR6\db\resultado6db.odb' is opened by 6824@DESKTOP-OHBIHU5

[2022-02-16 19:46:18 #2 store] 
Configuration path: ?

[2022-02-16 19:46:18 #3 type] 
Type mis_beans.Agricultor is not enhanced.

[2022-02-16 19:46:18 #4 type] 
Type mis_beans.Trabajo is not enhanced.

[2022-02-16 19:46:18 #5 type] 
Type mis_beans.Maquina is not enhanced.

------------------------------------------------------------------------------------------------------------------------

[2022-02-16 19:46:53 #1 store] 
Database 'C:\Users\chipi\Documents\Repositorios\Acceso_a_datos\Resultado6\ProyectoR6\db\resultado6db.odb' is opened by 11452@DESKTOP-OHBIHU5

[2022-02-16 19:46:53 #2 store] 
Configuration path: ?

[2022-02-16 19:46:54 #3 type] 
Type mis_beans.Agricultor is not enhanced.

[2022-02-16 19:46:54 #4 type] 
Type mis_beans.Trabajo is not enhanced.

[2022-02-16 19:46:54 #5 type] 
Type mis_beans.Maquina is not enhanced.

------------------------------------------------------------------------------------------------------------------------

[2022-02-16 19:49:02 #1 store] 
Database 'C:\Users\chipi\Documents\Repositorios\Acceso_a_datos\Resultado6\ProyectoR6\db\resultado6db.odb' is opened by 20852@DESKTOP-OHBIHU5

[2022-02-16 19:49:02 #2 store] 
Configuration path: ?

[2022-02-16 19:49:02 #3 type] 
Type mis_beans.Agricultor is not enhanced.

[2022-02-16 19:49:02 #4 type] 
Type mis_beans.Trabajo is not enhanced.

[2022-02-16 19:49:02 #5 type] 
Type mis_beans.Maquina is not enhanced.

------------------------------------------------------------------------------------------------------------------------

[2022-02-16 19:50:44 #1 store] 
Database 'C:\Users\chipi\Documents\Repositorios\Acceso_a_datos\Resultado6\ProyectoR6\db\resultado6db.odb' is opened by 16584@DESKTOP-OHBIHU5

[2022-02-16 19:50:44 #2 store] 
Configuration path: ?

[2022-02-16 19:50:44 #3 type] 
Type mis_beans.Agricultor is not enhanced.

[2022-02-16 19:50:44 #4 type] 
Type mis_beans.Trabajo is not enhanced.

[2022-02-16 19:50:44 #5 type] 
Type mis_beans.Maquina is not enhanced.

------------------------------------------------------------------------------------------------------------------------

[2022-02-16 19:51:30 #1 store] 
Database 'C:\Users\chipi\Documents\Repositorios\Acceso_a_datos\Resultado6\ProyectoR6\db\resultado6db.odb' has been recovered (tr. 140-159)

[2022-02-16 19:51:30 #2 store] 
Database 'C:\Users\chipi\Documents\Repositorios\Acceso_a_datos\Resultado6\ProyectoR6\db\resultado6db.odb' is opened by 20664@DESKTOP-OHBIHU5

[2022-02-16 19:51:30 #3 store] 
Configuration path: ?

[2022-02-16 19:51:30 #4 type] 
Type mis_beans.Agricultor is not enhanced.

[2022-02-16 19:51:30 #5 type] 
Type mis_beans.Trabajo is not enhanced.

[2022-02-16 19:51:30 #6 type] 
Type mis_beans.Maquina is not enhanced.

------------------------------------------------------------------------------------------------------------------------

[2022-02-16 19:52:39 #1 store] 
Database 'C:\Users\chipi\Documents\Repositorios\Acceso_a_datos\Resultado6\ProyectoR6\db\resultado6db.odb' is opened by 13232@DESKTOP-OHBIHU5

[2022-02-16 19:52:39 #2 store] 
Configuration path: ?

[2022-02-16 19:52:39 #3 type] 
Type mis_beans.Agricultor is not enhanced.

[2022-02-16 19:52:39 #4 type] 
Type mis_beans.Trabajo is not enhanced.

[2022-02-16 19:52:39 #5 type] 
Type mis_beans.Maquina is not enhanced.

------------------------------------------------------------------------------------------------------------------------

[2022-02-16 19:52:59 #1 store] 
Database 'C:\Users\chipi\Documents\Repositorios\Acceso_a_datos\Resultado6\ProyectoR6\db\resultado6db.odb' has been recovered (tr. 186-204)

[2022-02-16 19:52:59 #2 store] 
Database 'C:\Users\chipi\Documents\Repositorios\Acceso_a_datos\Resultado6\ProyectoR6\db\resultado6db.odb' is opened by 5264@DESKTOP-OHBIHU5

[2022-02-16 19:52:59 #3 store] 
Configuration path: ?

[2022-02-16 19:53:00 #4 type] 
Type mis_beans.Agricultor is not enhanced.

[2022-02-16 19:53:00 #5 type] 
Type mis_beans.Trabajo is not enhanced.

[2022-02-16 19:53:00 #6 type] 
Type mis_beans.Maquina is not enhanced.

------------------------------------------------------------------------------------------------------------------------

[2022-02-16 19:53:39 #1 store] 
Database 'C:\Users\chipi\Documents\Repositorios\Acceso_a_datos\Resultado6\ProyectoR6\db\resultado6db.odb' has been recovered (tr. 208-227)

[2022-02-16 19:53:40 #2 store] 
Database 'C:\Users\chipi\Documents\Repositorios\Acceso_a_datos\Resultado6\ProyectoR6\db\resultado6db.odb' is opened by 16100@DESKTOP-OHBIHU5

[2022-02-16 19:53:40 #3 store] 
Configuration path: ?

[2022-02-16 19:53:40 #4 type] 
Type mis_beans.Agricultor is not enhanced.

[2022-02-16 19:53:40 #5 type] 
Type mis_beans.Trabajo is not enhanced.

[2022-02-16 19:53:40 #6 type] 
Type mis_beans.Maquina is not enhanced.

------------------------------------------------------------------------------------------------------------------------

[2022-02-16 19:54:05 #1 store] 
Database 'C:\Users\chipi\Documents\Repositorios\Acceso_a_datos\Resultado6\ProyectoR6\db\resultado6db.odb' has been recovered (tr. 231-250)

[2022-02-16 19:54:05 #2 store] 
Database 'C:\Users\chipi\Documents\Repositorios\Acceso_a_datos\Resultado6\ProyectoR6\db\resultado6db.odb' is opened by 15688@DESKTOP-OHBIHU5

[2022-02-16 19:54:05 #3 store] 
Configuration path: ?

[2022-02-16 19:54:05 #4 type] 
Type mis_beans.Agricultor is not enhanced.

[2022-02-16 19:54:05 #5 type] 
Type mis_beans.Trabajo is not enhanced.

[2022-02-16 19:54:05 #6 type] 
Type mis_beans.Maquina is not enhanced.

------------------------------------------------------------------------------------------------------------------------

[2022-02-16 19:54:21 #1 store] 
Database 'C:\Users\chipi\Documents\Repositorios\Acceso_a_datos\Resultado6\ProyectoR6\db\resultado6db.odb' has been recovered (tr. 254-273)

[2022-02-16 19:54:21 #2 store] 
Database 'C:\Users\chipi\Documents\Repositorios\Acceso_a_datos\Resultado6\ProyectoR6\db\resultado6db.odb' is opened by 7620@DESKTOP-OHBIHU5

[2022-02-16 19:54:21 #3 store] 
Configuration path: ?

[2022-02-16 19:54:21 #4 type] 
Type mis_beans.Agricultor is not enhanced.

[2022-02-16 19:54:21 #5 type] 
Type mis_beans.Trabajo is not enhanced.

[2022-02-16 19:54:21 #6 type] 
Type mis_beans.Maquina is not enhanced.

------------------------------------------------------------------------------------------------------------------------

[2022-02-16 20:06:45 #1 store] 
Database 'C:\Users\chipi\Documents\Repositorios\Acceso_a_datos\Resultado6\ProyectoR6\db\resultado6db.odb' is opened by 6496@DESKTOP-OHBIHU5

[2022-02-16 20:06:45 #2 store] 
Configuration path: ?

[2022-02-16 20:06:45 #3 type] 
Type mis_beans.Agricultor is not enhanced.

[2022-02-16 20:06:45 #4 type] 
Type mis_beans.Trabajo is not enhanced.

[2022-02-16 20:06:45 #5 type] 
Type mis_beans.Maquina is not enhanced.

------------------------------------------------------------------------------------------------------------------------

[2022-02-16 20:07:09 #1 store] 
Database 'C:\Users\chipi\Documents\Repositorios\Acceso_a_datos\Resultado6\ProyectoR6\db\resultado6db.odb' has been recovered (tr. 300-319)

[2022-02-16 20:07:09 #2 store] 
Database 'C:\Users\chipi\Documents\Repositorios\Acceso_a_datos\Resultado6\ProyectoR6\db\resultado6db.odb' is opened by 8604@DESKTOP-OHBIHU5

[2022-02-16 20:07:09 #3 store] 
Configuration path: ?

[2022-02-16 20:07:09 #4 type] 
Type mis_beans.Agricultor is not enhanced.

[2022-02-16 20:07:09 #5 type] 
Type mis_beans.Trabajo is not enhanced.

[2022-02-16 20:07:09 #6 type] 
Type mis_beans.Maquina is not enhanced.

------------------------------------------------------------------------------------------------------------------------

[2022-02-16 20:10:49 #1 store] 
Database 'C:\Users\chipi\Documents\Repositorios\Acceso_a_datos\Resultado6\ProyectoR6\db\resultado6db.odb' has been recovered (tr. 323-342)

[2022-02-16 20:10:49 #2 store] 
Database 'C:\Users\chipi\Documents\Repositorios\Acceso_a_datos\Resultado6\ProyectoR6\db\resultado6db.odb' is opened by 6292@DESKTOP-OHBIHU5

[2022-02-16 20:10:49 #3 store] 
Configuration path: ?

[2022-02-16 20:10:50 #4 type] 
Type mis_beans.Agricultor is not enhanced.

[2022-02-16 20:10:50 #5 type] 
Type mis_beans.Trabajo is not enhanced.

[2022-02-16 20:10:50 #6 type] 
Type mis_beans.Maquina is not enhanced.

------------------------------------------------------------------------------------------------------------------------

[2022-02-16 20:14:20 #1 store] 
Database 'C:\Users\chipi\Documents\Repositorios\Acceso_a_datos\Resultado6\ProyectoR6\db\resultado6db.odb' has been recovered (tr. 346-364)

[2022-02-16 20:14:20 #2 store] 
Database 'C:\Users\chipi\Documents\Repositorios\Acceso_a_datos\Resultado6\ProyectoR6\db\resultado6db.odb' is opened by 5188@DESKTOP-OHBIHU5

[2022-02-16 20:14:20 #3 store] 
Configuration path: ?

[2022-02-16 20:14:21 #4 type] 
Type mis_beans.Agricultor is not enhanced.

[2022-02-16 20:14:21 #5 type] 
Type mis_beans.Trabajo is not enhanced.

[2022-02-16 20:14:21 #6 type] 
Type mis_beans.Maquina is not enhanced.

------------------------------------------------------------------------------------------------------------------------

[2022-02-16 20:15:14 #1 store] 
Database 'C:\Users\chipi\Documents\Repositorios\Acceso_a_datos\Resultado6\ProyectoR6\db\resultado6db.odb' has been recovered (tr. 368-386)

[2022-02-16 20:15:14 #2 store] 
Database 'C:\Users\chipi\Documents\Repositorios\Acceso_a_datos\Resultado6\ProyectoR6\db\resultado6db.odb' is opened by 3860@DESKTOP-OHBIHU5

[2022-02-16 20:15:14 #3 store] 
Configuration path: ?

[2022-02-16 20:15:14 #4 type] 
Type mis_beans.Agricultor is not enhanced.

[2022-02-16 20:15:14 #5 type] 
Type mis_beans.Trabajo is not enhanced.

[2022-02-16 20:15:14 #6 type] 
Type mis_beans.Maquina is not enhanced.

------------------------------------------------------------------------------------------------------------------------

[2022-02-16 20:15:45 #1 store] 
Database 'C:\Users\chipi\Documents\Repositorios\Acceso_a_datos\Resultado6\ProyectoR6\db\resultado6db.odb' has been recovered (tr. 390-408)

[2022-02-16 20:15:45 #2 store] 
Database 'C:\Users\chipi\Documents\Repositorios\Acceso_a_datos\Resultado6\ProyectoR6\db\resultado6db.odb' is opened by 8612@DESKTOP-OHBIHU5

[2022-02-16 20:15:45 #3 store] 
Configuration path: ?

[2022-02-16 20:15:46 #4 type] 
Type mis_beans.Agricultor is not enhanced.

[2022-02-16 20:15:46 #5 type] 
Type mis_beans.Trabajo is not enhanced.

[2022-02-16 20:15:46 #6 type] 
Type mis_beans.Maquina is not enhanced.

------------------------------------------------------------------------------------------------------------------------

[2022-02-16 20:16:22 #1 store] 
Database 'C:\Users\chipi\Documents\Repositorios\Acceso_a_datos\Resultado6\ProyectoR6\db\resultado6db.odb' has been recovered (tr. 412-430)

[2022-02-16 20:16:22 #2 store] 
Database 'C:\Users\chipi\Documents\Repositorios\Acceso_a_datos\Resultado6\ProyectoR6\db\resultado6db.odb' is opened by 11376@DESKTOP-OHBIHU5

[2022-02-16 20:16:22 #3 store] 
Configuration path: ?

[2022-02-16 20:16:22 #4 type] 
Type mis_beans.Agricultor is not enhanced.

[2022-02-16 20:16:22 #5 type] 
Type mis_beans.Trabajo is not enhanced.

[2022-02-16 20:16:22 #6 type] 
Type mis_beans.Maquina is not enhanced.

------------------------------------------------------------------------------------------------------------------------

[2022-02-16 20:17:14 #1 store] 
Database 'C:\Users\chipi\Documents\Repositorios\Acceso_a_datos\Resultado6\ProyectoR6\db\resultado6db.odb' has been recovered (tr. 434-452)

[2022-02-16 20:17:14 #2 store] 
Database 'C:\Users\chipi\Documents\Repositorios\Acceso_a_datos\Resultado6\ProyectoR6\db\resultado6db.odb' is opened by 21556@DESKTOP-OHBIHU5

[2022-02-16 20:17:14 #3 store] 
Configuration path: ?

[2022-02-16 20:17:15 #4 type] 
Type mis_beans.Agricultor is not enhanced.

[2022-02-16 20:17:15 #5 type] 
Type mis_beans.Trabajo is not enhanced.

[2022-02-16 20:17:15 #6 type] 
Type mis_beans.Maquina is not enhanced.

------------------------------------------------------------------------------------------------------------------------

[2022-02-16 20:17:53 #1 store] 
Database 'C:\Users\chipi\Documents\Repositorios\Acceso_a_datos\Resultado6\ProyectoR6\db\resultado6db.odb' has been recovered (tr. 456-475)

[2022-02-16 20:17:53 #2 store] 
Database 'C:\Users\chipi\Documents\Repositorios\Acceso_a_datos\Resultado6\ProyectoR6\db\resultado6db.odb' is opened by 1308@DESKTOP-OHBIHU5

[2022-02-16 20:17:53 #3 store] 
Configuration path: ?

[2022-02-16 20:17:53 #4 type] 
Type mis_beans.Agricultor is not enhanced.

[2022-02-16 20:17:53 #5 type] 
Type mis_beans.Trabajo is not enhanced.

[2022-02-16 20:17:53 #6 type] 
Type mis_beans.Maquina is not enhanced.

------------------------------------------------------------------------------------------------------------------------

[2022-02-16 20:18:19 #1 store] 
Database 'C:\Users\chipi\Documents\Repositorios\Acceso_a_datos\Resultado6\ProyectoR6\db\resultado6db.odb' has been recovered (tr. 479-497)

[2022-02-16 20:18:19 #2 store] 
Database 'C:\Users\chipi\Documents\Repositorios\Acceso_a_datos\Resultado6\ProyectoR6\db\resultado6db.odb' is opened by 14312@DESKTOP-OHBIHU5

[2022-02-16 20:18:19 #3 store] 
Configuration path: ?

[2022-02-16 20:18:20 #4 type] 
Type mis_beans.Agricultor is not enhanced.

[2022-02-16 20:18:20 #5 type] 
Type mis_beans.Trabajo is not enhanced.

[2022-02-16 20:18:20 #6 type] 
Type mis_beans.Maquina is not enhanced.

------------------------------------------------------------------------------------------------------------------------

[2022-02-16 20:19:43 #1 store] 
Database 'C:\Users\chipi\Documents\Repositorios\Acceso_a_datos\Resultado6\ProyectoR6\db\resultado6db.odb' has been recovered (tr. 501-519)

[2022-02-16 20:19:43 #2 store] 
Database 'C:\Users\chipi\Documents\Repositorios\Acceso_a_datos\Resultado6\ProyectoR6\db\resultado6db.odb' is opened by 3128@DESKTOP-OHBIHU5

[2022-02-16 20:19:43 #3 store] 
Configuration path: ?

[2022-02-16 20:19:43 #4 type] 
Type mis_beans.Agricultor is not enhanced.

[2022-02-16 20:19:43 #5 type] 
Type mis_beans.Trabajo is not enhanced.

[2022-02-16 20:19:43 #6 type] 
Type mis_beans.Maquina is not enhanced.

------------------------------------------------------------------------------------------------------------------------

[2022-02-16 20:21:15 #1 store] 
Database 'C:\Users\chipi\Documents\Repositorios\Acceso_a_datos\Resultado6\ProyectoR6\db\resultado6db.odb' is opened by 9664@DESKTOP-OHBIHU5

[2022-02-16 20:21:15 #2 store] 
Configuration path: ?

[2022-02-16 20:21:16 #3 type] 
Type mis_beans.Agricultor is not enhanced.

[2022-02-16 20:21:16 #4 type] 
Type mis_beans.Trabajo is not enhanced.

[2022-02-16 20:21:16 #5 type] 
Type mis_beans.Maquina is not enhanced.

------------------------------------------------------------------------------------------------------------------------

[2022-02-16 20:23:54 #1 store] 
Database 'C:\Users\chipi\Documents\Repositorios\Acceso_a_datos\Resultado6\ProyectoR6\db\resultado6db.odb' has been recovered (tr. 545-564)

[2022-02-16 20:23:54 #2 store] 
Database 'C:\Users\chipi\Documents\Repositorios\Acceso_a_datos\Resultado6\ProyectoR6\db\resultado6db.odb' is opened by 1136@DESKTOP-OHBIHU5

[2022-02-16 20:23:54 #3 store] 
Configuration path: ?

[2022-02-16 20:23:55 #4 type] 
Type mis_beans.Agricultor is not enhanced.

[2022-02-16 20:23:55 #5 type] 
Type mis_beans.Trabajo is not enhanced.

[2022-02-16 20:23:55 #6 type] 
Type mis_beans.Maquina is not enhanced.

------------------------------------------------------------------------------------------------------------------------

[2022-02-16 20:25:11 #1 store] 
Database 'C:\Users\chipi\Documents\Repositorios\Acceso_a_datos\Resultado6\ProyectoR6\db\resultado6db.odb' has been recovered (tr. 568-587)

[2022-02-16 20:25:11 #2 store] 
Database 'C:\Users\chipi\Documents\Repositorios\Acceso_a_datos\Resultado6\ProyectoR6\db\resultado6db.odb' is opened by 13248@DESKTOP-OHBIHU5

[2022-02-16 20:25:11 #3 store] 
Configuration path: ?

[2022-02-16 20:25:11 #4 type] 
Type mis_beans.Agricultor is not enhanced.

[2022-02-16 20:25:11 #5 type] 
Type mis_beans.Trabajo is not enhanced.

[2022-02-16 20:25:11 #6 type] 
Type mis_beans.Maquina is not enhanced.

