------------------------------------------------------------------------------------------------------------------------

[2022-02-24 09:07:22 #1 store] 
Database 'C:\Users\chipi\Documents\Repositorios\Acceso_a_datos\Resultado6\ProyectoR6\db\resultado6db.odb' has been recovered (tr. 591-610)

[2022-02-24 09:07:22 #2 store] 
Database 'C:\Users\chipi\Documents\Repositorios\Acceso_a_datos\Resultado6\ProyectoR6\db\resultado6db.odb' is opened by 20144@DESKTOP-OHBIHU5

[2022-02-24 09:07:22 #3 store] 
Configuration path: C:\Users\chipi\Desktop\objectdb-2.8.7\objectdb.conf

[2022-02-24 09:07:31 #4 store] 
Database 'C:\Users\chipi\Documents\Repositorios\Acceso_a_datos\Resultado6\ProyectoR6\db\resultado6db.odb' is closed by 20144@DESKTOP-OHBIHU5

[2022-02-24 09:24:35 #5 store] 
Database 'C:\Users\chipi\Documents\Repositorios\Acceso_a_datos\Resultado6\ProyectoR6\db\resultado6db.odb' has been recovered (tr. 681-700)

[2022-02-24 09:24:35 #6 store] 
Database 'C:\Users\chipi\Documents\Repositorios\Acceso_a_datos\Resultado6\ProyectoR6\db\resultado6db.odb' is opened by 20144@DESKTOP-OHBIHU5

[2022-02-24 09:24:35 #7 store] 
Configuration path: C:\Users\chipi\Desktop\objectdb-2.8.7\objectdb.conf

[2022-02-24 09:24:47 #8 store] 
Database 'C:\Users\chipi\Documents\Repositorios\Acceso_a_datos\Resultado6\ProyectoR6\db\resultado6db.odb' is closed by 20144@DESKTOP-OHBIHU5

------------------------------------------------------------------------------------------------------------------------

[2022-02-24 09:25:25 #1 store] 
Database 'C:\Users\chipi\Documents\Repositorios\Acceso_a_datos\Resultado6\ProyectoR6\db\resultado6db.odb' has been recovered (tr. 704-722)

[2022-02-24 09:25:25 #2 store] 
Database 'C:\Users\chipi\Documents\Repositorios\Acceso_a_datos\Resultado6\ProyectoR6\db\resultado6db.odb' is opened by 21232@DESKTOP-OHBIHU5

[2022-02-24 09:25:25 #3 store] 
Configuration path: C:\Users\chipi\Desktop\objectdb-2.8.7\objectdb.conf

[2022-02-24 09:25:30 #4 store] 
Database 'C:\Users\chipi\Documents\Repositorios\Acceso_a_datos\Resultado6\ProyectoR6\db\resultado6db.odb' is closed by 21232@DESKTOP-OHBIHU5

------------------------------------------------------------------------------------------------------------------------

[2022-02-24 09:30:23 #1 store] 
Database 'C:\Users\chipi\Documents\Repositorios\Acceso_a_datos\Resultado6\ProyectoR6\db\resultado6db.odb' has been recovered (tr. 726-745)

[2022-02-24 09:30:23 #2 store] 
Database 'C:\Users\chipi\Documents\Repositorios\Acceso_a_datos\Resultado6\ProyectoR6\db\resultado6db.odb' is opened by 21780@DESKTOP-OHBIHU5

[2022-02-24 09:30:23 #3 store] 
Configuration path: C:\Users\chipi\Desktop\objectdb-2.8.7\objectdb.conf

[2022-02-24 09:31:09 #4 store] 
Database 'C:\Users\chipi\Documents\Repositorios\Acceso_a_datos\Resultado6\ProyectoR6\db\resultado6db.odb' is closed by 21780@DESKTOP-OHBIHU5

[2022-02-24 09:31:41 #5 store] 
Database 'C:\Users\chipi\Documents\Repositorios\Acceso_a_datos\Resultado6\ProyectoR6\db\resultado6db.odb' has been recovered (tr. 749-768)

[2022-02-24 09:31:41 #6 store] 
Database 'C:\Users\chipi\Documents\Repositorios\Acceso_a_datos\Resultado6\ProyectoR6\db\resultado6db.odb' is opened by 21780@DESKTOP-OHBIHU5

[2022-02-24 09:31:41 #7 store] 
Configuration path: C:\Users\chipi\Desktop\objectdb-2.8.7\objectdb.conf

[2022-02-24 09:33:10 #8 store] 
Database 'C:\Users\chipi\Documents\Repositorios\Acceso_a_datos\Resultado6\ProyectoR6\db\resultado6db.odb' is closed by 21780@DESKTOP-OHBIHU5

[2022-02-24 09:43:58 #9 store] 
Database 'C:\Users\chipi\Documents\Repositorios\Acceso_a_datos\Resultado6\ProyectoR6\db\resultado6db.odb' has been recovered (tr. 818-838)

[2022-02-24 09:43:58 #10 store] 
Database 'C:\Users\chipi\Documents\Repositorios\Acceso_a_datos\Resultado6\ProyectoR6\db\resultado6db.odb' is opened by 21780@DESKTOP-OHBIHU5

[2022-02-24 09:43:58 #11 store] 
Configuration path: C:\Users\chipi\Desktop\objectdb-2.8.7\objectdb.conf

[2022-02-24 09:47:56 #12 store] 
Database 'C:\Users\chipi\Documents\Repositorios\Acceso_a_datos\Resultado6\ProyectoR6\db\resultado6db.odb' is closed by 21780@DESKTOP-OHBIHU5

[2022-02-24 09:48:07 #13 store] 
Database 'C:\Users\chipi\Documents\Repositorios\Acceso_a_datos\Resultado6\ProyectoR6\db\resultado6db.odb' has been recovered (tr. 842-862)

[2022-02-24 09:48:07 #14 store] 
Database 'C:\Users\chipi\Documents\Repositorios\Acceso_a_datos\Resultado6\ProyectoR6\db\resultado6db.odb' is opened by 21780@DESKTOP-OHBIHU5

[2022-02-24 09:48:07 #15 store] 
Configuration path: C:\Users\chipi\Desktop\objectdb-2.8.7\objectdb.conf

[2022-02-24 09:48:18 #16 store] 
Database 'C:\Users\chipi\Documents\Repositorios\Acceso_a_datos\Resultado6\ProyectoR6\db\resultado6db.odb' is closed by 21780@DESKTOP-OHBIHU5

------------------------------------------------------------------------------------------------------------------------

[2022-02-24 09:51:46 #1 store] 
Database 'C:\Users\chipi\Documents\Repositorios\Acceso_a_datos\Resultado6\ProyectoR6\db\resultado6db.odb' has been recovered (tr. 935-955)

[2022-02-24 09:51:46 #2 store] 
Database 'C:\Users\chipi\Documents\Repositorios\Acceso_a_datos\Resultado6\ProyectoR6\db\resultado6db.odb' is opened by 14796@DESKTOP-OHBIHU5

[2022-02-24 09:51:46 #3 store] 
Configuration path: C:\Users\chipi\Desktop\objectdb-2.8.7\objectdb.conf

[2022-02-24 09:51:58 #4 store] 
Database 'C:\Users\chipi\Documents\Repositorios\Acceso_a_datos\Resultado6\ProyectoR6\db\resultado6db.odb' is closed by 14796@DESKTOP-OHBIHU5

[2022-02-24 09:52:21 #5 store] 
Database 'C:\Users\chipi\Documents\Repositorios\Acceso_a_datos\Resultado6\ProyectoR6\db\resultado6db.odb' has been recovered (tr. 959-979)

[2022-02-24 09:52:21 #6 store] 
Database 'C:\Users\chipi\Documents\Repositorios\Acceso_a_datos\Resultado6\ProyectoR6\db\resultado6db.odb' is opened by 14796@DESKTOP-OHBIHU5

[2022-02-24 09:52:21 #7 store] 
Configuration path: C:\Users\chipi\Desktop\objectdb-2.8.7\objectdb.conf

[2022-02-24 09:52:27 #8 store] 
Database 'C:\Users\chipi\Documents\Repositorios\Acceso_a_datos\Resultado6\ProyectoR6\db\resultado6db.odb' is closed by 14796@DESKTOP-OHBIHU5

[2022-02-24 09:52:42 #9 store] 
Database 'C:\Users\chipi\Documents\Repositorios\Acceso_a_datos\Resultado6\ProyectoR6\db\resultado6db.odb' has been recovered (tr. 983-1003)

[2022-02-24 09:52:42 #10 store] 
Database 'C:\Users\chipi\Documents\Repositorios\Acceso_a_datos\Resultado6\ProyectoR6\db\resultado6db.odb' is opened by 14796@DESKTOP-OHBIHU5

[2022-02-24 09:52:42 #11 store] 
Configuration path: C:\Users\chipi\Desktop\objectdb-2.8.7\objectdb.conf

[2022-02-24 09:52:49 #12 store] 
Database 'C:\Users\chipi\Documents\Repositorios\Acceso_a_datos\Resultado6\ProyectoR6\db\resultado6db.odb' is closed by 14796@DESKTOP-OHBIHU5

------------------------------------------------------------------------------------------------------------------------

[2022-02-24 09:54:45 #1 store] 
Database 'C:\Users\chipi\Documents\Repositorios\Acceso_a_datos\Resultado6\ProyectoR6\db\resultado6db.odb' has been recovered (tr. 1007-1026)

[2022-02-24 09:54:45 #2 store] 
Database 'C:\Users\chipi\Documents\Repositorios\Acceso_a_datos\Resultado6\ProyectoR6\db\resultado6db.odb' is opened by 2660@DESKTOP-OHBIHU5

[2022-02-24 09:54:45 #3 store] 
Configuration path: C:\Users\chipi\Desktop\objectdb-2.8.7\objectdb.conf

[2022-02-24 09:55:14 #4 store] 
Database 'C:\Users\chipi\Documents\Repositorios\Acceso_a_datos\Resultado6\ProyectoR6\db\resultado6db.odb' is closed by 2660@DESKTOP-OHBIHU5

[2022-02-24 09:55:32 #5 store] 
Database 'C:\Users\chipi\Documents\Repositorios\Acceso_a_datos\Resultado6\ProyectoR6\db\resultado6db.odb' has been recovered (tr. 1030-1050)

[2022-02-24 09:55:32 #6 store] 
Database 'C:\Users\chipi\Documents\Repositorios\Acceso_a_datos\Resultado6\ProyectoR6\db\resultado6db.odb' is opened by 2660@DESKTOP-OHBIHU5

[2022-02-24 09:55:32 #7 store] 
Configuration path: C:\Users\chipi\Desktop\objectdb-2.8.7\objectdb.conf

[2022-02-24 09:55:58 #8 store] 
Database 'C:\Users\chipi\Documents\Repositorios\Acceso_a_datos\Resultado6\ProyectoR6\db\resultado6db.odb' is closed by 2660@DESKTOP-OHBIHU5

[2022-02-24 09:56:09 #9 store] 
Database 'C:\Users\chipi\Documents\Repositorios\Acceso_a_datos\Resultado6\ProyectoR6\db\resultado6db.odb' has been recovered (tr. 1054-1074)

[2022-02-24 09:56:09 #10 store] 
Database 'C:\Users\chipi\Documents\Repositorios\Acceso_a_datos\Resultado6\ProyectoR6\db\resultado6db.odb' is opened by 2660@DESKTOP-OHBIHU5

[2022-02-24 09:56:09 #11 store] 
Configuration path: C:\Users\chipi\Desktop\objectdb-2.8.7\objectdb.conf

[2022-02-24 09:56:31 #12 store] 
Database 'C:\Users\chipi\Documents\Repositorios\Acceso_a_datos\Resultado6\ProyectoR6\db\resultado6db.odb' is closed by 2660@DESKTOP-OHBIHU5

